# JRE version: OpenJDK Runtime Environment (17.0.10) (build 17.0.10+0--11609105)
# Java VM: OpenJDK 64-Bit Server VM (17.0.10+0--11609105, mixed mode, tiered, compressed oops, compressed class ptrs, g1 gc, windows-amd64)
GC Precious Log:
 CPUs: 8 total, 8 available
 Memory: 8044M
 Large Page Support: Disabled
 NUMA Support: Disabled
 Compressed Oops: Enabled (32-bit)
 Heap Region Size: 1M
 Heap Min Capacity: 8M
 Heap Initial Capacity: 126M
 Heap Max Capacity: 2G
 Pre-touch: Disabled
 Parallel Workers: 8
 Concurrent Workers: 2
 Concurrent Refinement Workers: 8
 Periodic GC: Disabled
Heap:
 garbage-first heap   total 430080K, used 374314K [0x0000000080000000, 0x0000000100000000)
  region size 1024K, 3 young (3072K), 3 survivors (3072K)
 Metaspace       used 236832K, committed 238656K, reserved 1310720K
  class space    used 32173K, committed 33024K, reserved 1048576K
GC Heap History (20 events):
Event: 5972.143 GC heap after
{Heap after GC invocations=107 (full 0):
 garbage-first heap   total 430080K, used 340423K [0x0000000080000000, 0x0000000100000000)
  region size 1024K, 6 young (6144K), 6 survivors (6144K)
 Metaspace       used 232521K, committed 234432K, reserved 1310720K
  class space    used 31501K, committed 32384K, reserved 1048576K
}
Event: 5972.234 GC heap before
{Heap before GC invocations=107 (full 0):
 garbage-first heap   total 430080K, used 376263K [0x0000000080000000, 0x0000000100000000)
  region size 1024K, 42 young (43008K), 6 survivors (6144K)
 Metaspace       used 232521K, committed 234432K, reserved 1310720K
  class space    used 31501K, committed 32384K, reserved 1048576K
}
Event: 5972.238 GC heap after
{Heap after GC invocations=108 (full 0):
 garbage-first heap   total 430080K, used 341246K [0x0000000080000000, 0x0000000100000000)
  region size 1024K, 2 young (2048K), 2 survivors (2048K)
 Metaspace       used 232521K, committed 234432K, reserved 1310720K
  class space    used 31501K, committed 32384K, reserved 1048576K
}
Event: 5972.641 GC heap before
{Heap before GC invocations=108 (full 0):
 garbage-first heap   total 430080K, used 377086K [0x0000000080000000, 0x0000000100000000)
  region size 1024K, 38 young (38912K), 2 survivors (2048K)
 Metaspace       used 232598K, committed 234496K, reserved 1310720K
  class space    used 31508K, committed 32384K, reserved 1048576K
}
Event: 5972.646 GC heap after
{Heap after GC invocations=109 (full 0):
 garbage-first heap   total 430080K, used 344590K [0x0000000080000000, 0x0000000100000000)
  region size 1024K, 5 young (5120K), 5 survivors (5120K)
 Metaspace       used 232598K, committed 234496K, reserved 1310720K
  class space    used 31508K, committed 32384K, reserved 1048576K
}
Event: 5973.107 GC heap before
{Heap before GC invocations=109 (full 0):
 garbage-first heap   total 430080K, used 376334K [0x0000000080000000, 0x0000000100000000)
  region size 1024K, 37 young (37888K), 5 survivors (5120K)
 Metaspace       used 233179K, committed 235008K, reserved 1310720K
  class space    used 31604K, committed 32448K, reserved 1048576K
}
Event: 5973.113 GC heap after
{Heap after GC invocations=110 (full 0):
 garbage-first heap   total 430080K, used 346135K [0x0000000080000000, 0x0000000100000000)
  region size 1024K, 3 young (3072K), 3 survivors (3072K)
 Metaspace       used 233179K, committed 235008K, reserved 1310720K
  class space    used 31604K, committed 32448K, reserved 1048576K
}
Event: 5973.336 GC heap before
{Heap before GC invocations=110 (full 0):
 garbage-first heap   total 430080K, used 378903K [0x0000000080000000, 0x0000000100000000)
  region size 1024K, 34 young (34816K), 3 survivors (3072K)
 Metaspace       used 233686K, committed 235520K, reserved 1310720K
  class space    used 31683K, committed 32576K, reserved 1048576K
}
Event: 5973.340 GC heap after
{Heap after GC invocations=111 (full 0):
 garbage-first heap   total 430080K, used 347364K [0x0000000080000000, 0x0000000100000000)
  region size 1024K, 4 young (4096K), 4 survivors (4096K)
 Metaspace       used 233686K, committed 235520K, reserved 1310720K
  class space    used 31683K, committed 32576K, reserved 1048576K
}
Event: 5973.361 GC heap before
{Heap before GC invocations=111 (full 0):
 garbage-first heap   total 430080K, used 377060K [0x0000000080000000, 0x0000000100000000)
  region size 1024K, 34 young (34816K), 4 survivors (4096K)
 Metaspace       used 233715K, committed 235584K, reserved 1310720K
  class space    used 31687K, committed 32576K, reserved 1048576K
}
Event: 5973.365 GC heap after
{Heap after GC invocations=112 (full 0):
 garbage-first heap   total 430080K, used 353254K [0x0000000080000000, 0x0000000100000000)
  region size 1024K, 5 young (5120K), 5 survivors (5120K)
 Metaspace       used 233715K, committed 235584K, reserved 1310720K
  class space    used 31687K, committed 32576K, reserved 1048576K
}
Event: 5974.252 GC heap before
{Heap before GC invocations=112 (full 0):
 garbage-first heap   total 430080K, used 376806K [0x0000000080000000, 0x0000000100000000)
  region size 1024K, 29 young (29696K), 5 survivors (5120K)
 Metaspace       used 235203K, committed 237056K, reserved 1310720K
  class space    used 31939K, committed 32832K, reserved 1048576K
}
Event: 5974.256 GC heap after
{Heap after GC invocations=113 (full 0):
 garbage-first heap   total 430080K, used 356946K [0x0000000080000000, 0x0000000100000000)
  region size 1024K, 4 young (4096K), 4 survivors (4096K)
 Metaspace       used 235203K, committed 237056K, reserved 1310720K
  class space    used 31939K, committed 32832K, reserved 1048576K
}
Event: 5974.336 GC heap before
{Heap before GC invocations=113 (full 0):
 garbage-first heap   total 430080K, used 377426K [0x0000000080000000, 0x0000000100000000)
  region size 1024K, 24 young (24576K), 4 survivors (4096K)
 Metaspace       used 235537K, committed 237376K, reserved 1310720K
  class space    used 31978K, committed 32832K, reserved 1048576K
}
Event: 5974.342 GC heap after
{Heap after GC invocations=114 (full 0):
 garbage-first heap   total 430080K, used 361472K [0x0000000080000000, 0x0000000100000000)
  region size 1024K, 3 young (3072K), 3 survivors (3072K)
 Metaspace       used 235537K, committed 237376K, reserved 1310720K
  class space    used 31978K, committed 32832K, reserved 1048576K
}
Event: 5974.404 GC heap before
{Heap before GC invocations=114 (full 0):
 garbage-first heap   total 430080K, used 379904K [0x0000000080000000, 0x0000000100000000)
  region size 1024K, 21 young (21504K), 3 survivors (3072K)
 Metaspace       used 235754K, committed 237632K, reserved 1310720K
  class space    used 32003K, committed 32896K, reserved 1048576K
}
Event: 5974.410 GC heap after
{Heap after GC invocations=115 (full 0):
 garbage-first heap   total 430080K, used 366085K [0x0000000080000000, 0x0000000100000000)
  region size 1024K, 3 young (3072K), 3 survivors (3072K)
 Metaspace       used 235754K, committed 237632K, reserved 1310720K
  class space    used 32003K, committed 32896K, reserved 1048576K
}
Event: 5974.479 GC heap before
{Heap before GC invocations=115 (full 0):
 garbage-first heap   total 430080K, used 383493K [0x0000000080000000, 0x0000000100000000)
  region size 1024K, 21 young (21504K), 3 survivors (3072K)
 Metaspace       used 236086K, committed 237952K, reserved 1310720K
  class space    used 32062K, committed 32960K, reserved 1048576K
}
Event: 5974.486 GC heap after
{Heap after GC invocations=116 (full 0):
 garbage-first heap   total 430080K, used 370398K [0x0000000080000000, 0x0000000100000000)
  region size 1024K, 3 young (3072K), 3 survivors (3072K)
 Metaspace       used 236086K, committed 237952K, reserved 1310720K
  class space    used 32062K, committed 32960K, reserved 1048576K
}
Event: 5974.609 GC heap before
{Heap before GC invocations=116 (full 0):
 garbage-first heap   total 430080K, used 387806K [0x0000000080000000, 0x0000000100000000)
  region size 1024K, 21 young (21504K), 3 survivors (3072K)
 Metaspace       used 236832K, committed 238656K, reserved 1310720K
  class space    used 32173K, committed 33024K, reserved 1048576K
}

